<?xml version="1.0" encoding="UTF-8"?>
<!-- Generated by org.testng.reporters.JUnitXMLReporter -->
<testsuite ignored="3" hostname="window_Asus" failures="0" tests="2" name="carloan" time="0.032" errors="0" timestamp="2024-01-16T13:07:11 IST">
  <testcase classname="test.Day3" name="restAPI" time="0.005"/>
  <testcase classname="test.Day3" name="weblogin" time="0.005"/>
  <testcase classname="test.Day3" name="mobilelogin" time="0.0">
    <ignored/>
  </testcase> <!-- mobilelogin -->
  <testcase classname="test.Day3" name="mobilesurface" time="0.0">
    <ignored/>
  </testcase> <!-- mobilesurface -->
  <testcase classname="test.Day3" name="mobileuser" time="0.0">
    <ignored/>
  </testcase> <!-- mobileuser -->
</testsuite> <!-- carloan -->
