<?xml version="1.0" encoding="UTF-8"?>
<!-- Generated by org.testng.reporters.JUnitXMLReporter -->
<testsuite ignored="0" hostname="window_Asus" failures="1" tests="10" name="Test" time="0.176" errors="0" timestamp="2024-01-18T12:52:02 IST">
  <testcase classname="test.Day2" name="demo" time="0.007"/>
  <testcase classname="test.Day3" name="mobilelogin" time="0.002"/>
  <testcase classname="test.Day3" name="mobilesurface" time="0.017">
    <failure type="java.lang.AssertionError" message="expected [true] but found [false]">
      <![CDATA[java.lang.AssertionError: expected [true] but found [false]
at test.Day3.mobilesurface(Day3.java:31)
at java.base/java.util.ArrayList.forEach(ArrayList.java:1511)
... Removed 31 stack frames]]>
    </failure>
  </testcase> <!-- mobilesurface -->
  <testcase classname="test.Day3" name="mobileuser" time="0.008"/>
  <testcase classname="test.Day3" name="restAPI" time="0.002"/>
  <testcase classname="test.Day3" name="weblogin" time="0.003"/>
  <testcase classname="test.Day3" name="weblogin" time="0.005"/>
  <testcase classname="test.Day3" name="weblogin" time="0.002"/>
  <testcase classname="test.Day1" name="demo" time="0.004"/>
  <testcase classname="test.Day1" name="Secondtest" time="0.001"/>
</testsuite> <!-- Test -->
