<?xml version="1.0" encoding="UTF-8"?>
<testng-results ignored="0" total="2" passed="2" failed="0" skipped="0">
  <reporter-output>
  </reporter-output>
  <suite started-at="2024-01-23T14:13:25 IST" name="Default suite" finished-at="2024-01-23T14:13:25 IST" duration-ms="69">
    <groups>
    </groups>
    <test started-at="2024-01-23T14:13:25 IST" name="Default test" finished-at="2024-01-23T14:13:25 IST" duration-ms="69">
      <class name="test.Bharti">
        <test-method signature="runtest()[pri:0, instance:test.Bharti@1e04fa0a]" started-at="2024-01-23T14:13:25 IST" name="runtest" finished-at="2024-01-23T14:13:25 IST" duration-ms="10" status="PASS">
          <reporter-output>
          </reporter-output>
        </test-method> <!-- runtest -->
        <test-method signature="dothis()[pri:0, instance:test.Bharti@1e04fa0a]" started-at="2024-01-23T14:13:25 IST" name="dothis" finished-at="2024-01-23T14:13:25 IST" duration-ms="2" status="PASS">
          <reporter-output>
          </reporter-output>
        </test-method> <!-- dothis -->
      </class> <!-- test.Bharti -->
    </test> <!-- Default test -->
  </suite> <!-- Default suite -->
</testng-results>
